x:\OneDrive\softwerk4R\Repos\CP-ITS\tspan.c:226:39: warning: variable 'lTrace' may be uninitialized when used here [-Wuninitialized]
x:\OneDrive\softwerk4R\Repos\CP-ITS\tspan.c:192:13: note: initialize the variable 'lTrace' to silence this warning
x:\OneDrive\softwerk4R\Repos\CP-ITS\tspan.c:346:8: warning: variable 'lTrace' may be uninitialized when used here [-Wuninitialized]
x:\OneDrive\softwerk4R\Repos\CP-ITS\tspan.c:192:13: note: initialize the variable 'lTrace' to silence this warning
x:\OneDrive\softwerk4R\Repos\CP-ITS\tspan.c:370:9: warning: variable 'lTrace' may be uninitialized when used here [-Wuninitialized]
x:\OneDrive\softwerk4R\Repos\CP-ITS\tspan.c:192:13: note: initialize the variable 'lTrace' to silence this warning
x:\OneDrive\softwerk4R\Repos\CP-ITS\tspan.c:383:7: warning: variable 'lTrace' may be uninitialized when used here [-Wuninitialized]
x:\OneDrive\softwerk4R\Repos\CP-ITS\tspan.c:192:13: note: initialize the variable 'lTrace' to silence this warning
x:\OneDrive\softwerk4R\Repos\CP-ITS\tspan.c:425:7: warning: variable 'lTrace' may be uninitialized when used here [-Wuninitialized]
x:\OneDrive\softwerk4R\Repos\CP-ITS\tspan.c:192:13: note: initialize the variable 'lTrace' to silence this warning
x:\OneDrive\softwerk4R\Repos\CP-ITS\tspan.c:465:7: warning: variable 'lTrace' may be uninitialized when used here [-Wuninitialized]
x:\OneDrive\softwerk4R\Repos\CP-ITS\tspan.c:192:13: note: initialize the variable 'lTrace' to silence this warning
x:\OneDrive\softwerk4R\Repos\CP-ITS\tspan.c:494:7: warning: variable 'lTrace' may be uninitialized when used here [-Wuninitialized]
x:\OneDrive\softwerk4R\Repos\CP-ITS\tspan.c:192:13: note: initialize the variable 'lTrace' to silence this warning
x:\OneDrive\softwerk4R\Repos\CP-ITS\tspan.c:527:7: warning: variable 'lTrace' may be uninitialized when used here [-Wuninitialized]
x:\OneDrive\softwerk4R\Repos\CP-ITS\tspan.c:192:13: note: initialize the variable 'lTrace' to silence this warning
x:\OneDrive\softwerk4R\Repos\CP-ITS\tspan.c:553:7: warning: variable 'lTrace' may be uninitialized when used here [-Wuninitialized]
x:\OneDrive\softwerk4R\Repos\CP-ITS\tspan.c:192:13: note: initialize the variable 'lTrace' to silence this warning
x:\OneDrive\softwerk4R\Repos\CP-ITS\tspan.c:578:7: warning: variable 'lTrace' may be uninitialized when used here [-Wuninitialized]
x:\OneDrive\softwerk4R\Repos\CP-ITS\tspan.c:192:13: note: initialize the variable 'lTrace' to silence this warning
x:\OneDrive\softwerk4R\Repos\CP-ITS\tspan.c:604:7: warning: variable 'lTrace' may be uninitialized when used here [-Wuninitialized]
x:\OneDrive\softwerk4R\Repos\CP-ITS\tspan.c:192:13: note: initialize the variable 'lTrace' to silence this warning
x:\OneDrive\softwerk4R\Repos\CP-ITS\tspan.c:633:7: warning: variable 'lTrace' may be uninitialized when used here [-Wuninitialized]
x:\OneDrive\softwerk4R\Repos\CP-ITS\tspan.c:192:13: note: initialize the variable 'lTrace' to silence this warning
x:\OneDrive\softwerk4R\Repos\CP-ITS\tspan.c:654:7: warning: variable 'lTrace' may be uninitialized when used here [-Wuninitialized]
x:\OneDrive\softwerk4R\Repos\CP-ITS\tspan.c:192:13: note: initialize the variable 'lTrace' to silence this warning
x:\OneDrive\softwerk4R\Repos\CP-ITS\tspan.c:681:7: warning: variable 'lTrace' may be uninitialized when used here [-Wuninitialized]
x:\OneDrive\softwerk4R\Repos\CP-ITS\tspan.c:192:13: note: initialize the variable 'lTrace' to silence this warning
x:\OneDrive\softwerk4R\Repos\CP-ITS\tspan.c:721:7: warning: variable 'lTrace' may be uninitialized when used here [-Wuninitialized]
x:\OneDrive\softwerk4R\Repos\CP-ITS\tspan.c:192:13: note: initialize the variable 'lTrace' to silence this warning
x:\OneDrive\softwerk4R\Repos\CP-ITS\tspan.c:761:7: warning: variable 'lTrace' may be uninitialized when used here [-Wuninitialized]
x:\OneDrive\softwerk4R\Repos\CP-ITS\tspan.c:192:13: note: initialize the variable 'lTrace' to silence this warning
x:\OneDrive\softwerk4R\Repos\CP-ITS\tspan.c:800:7: warning: variable 'lTrace' may be uninitialized when used here [-Wuninitialized]
x:\OneDrive\softwerk4R\Repos\CP-ITS\tspan.c:192:13: note: initialize the variable 'lTrace' to silence this warning
x:\OneDrive\softwerk4R\Repos\CP-ITS\tspan.c:840:7: warning: variable 'lTrace' may be uninitialized when used here [-Wuninitialized]
x:\OneDrive\softwerk4R\Repos\CP-ITS\tspan.c:192:13: note: initialize the variable 'lTrace' to silence this warning
x:\OneDrive\softwerk4R\Repos\CP-ITS\tspan.c:893:7: warning: variable 'lTrace' may be uninitialized when used here [-Wuninitialized]
x:\OneDrive\softwerk4R\Repos\CP-ITS\tspan.c:192:13: note: initialize the variable 'lTrace' to silence this warning
x:\OneDrive\softwerk4R\Repos\CP-ITS\tspan.c:945:7: warning: variable 'lTrace' may be uninitialized when used here [-Wuninitialized]
x:\OneDrive\softwerk4R\Repos\CP-ITS\tspan.c:192:13: note: initialize the variable 'lTrace' to silence this warning
x:\OneDrive\softwerk4R\Repos\CP-ITS\tspan.c:990:8: warning: variable 'lTrace' may be uninitialized when used here [-Wuninitialized]
x:\OneDrive\softwerk4R\Repos\CP-ITS\tspan.c:192:13: note: initialize the variable 'lTrace' to silence this warning
x:\OneDrive\softwerk4R\Repos\CP-ITS\tspan.c:1020:7: warning: variable 'lTrace' may be uninitialized when used here [-Wuninitialized]
x:\OneDrive\softwerk4R\Repos\CP-ITS\tspan.c:192:13: note: initialize the variable 'lTrace' to silence this warning
x:\OneDrive\softwerk4R\Repos\CP-ITS\tspan.c:1053:7: warning: variable 'lTrace' may be uninitialized when used here [-Wuninitialized]
x:\OneDrive\softwerk4R\Repos\CP-ITS\tspan.c:192:13: note: initialize the variable 'lTrace' to silence this warning
x:\OneDrive\softwerk4R\Repos\CP-ITS\tspan.c:1097:7: warning: variable 'lTrace' may be uninitialized when used here [-Wuninitialized]
x:\OneDrive\softwerk4R\Repos\CP-ITS\tspan.c:192:13: note: initialize the variable 'lTrace' to silence this warning
x:\OneDrive\softwerk4R\Repos\CP-ITS\tspan.c:1141:7: warning: variable 'lTrace' may be uninitialized when used here [-Wuninitialized]
x:\OneDrive\softwerk4R\Repos\CP-ITS\tspan.c:192:13: note: initialize the variable 'lTrace' to silence this warning
x:\OneDrive\softwerk4R\Repos\CP-ITS\tspan.c:1185:7: warning: variable 'lTrace' may be uninitialized when used here [-Wuninitialized]
x:\OneDrive\softwerk4R\Repos\CP-ITS\tspan.c:192:13: note: initialize the variable 'lTrace' to silence this warning
x:\OneDrive\softwerk4R\Repos\CP-ITS\tspan.c:1229:7: warning: variable 'lTrace' may be uninitialized when used here [-Wuninitialized]
x:\OneDrive\softwerk4R\Repos\CP-ITS\tspan.c:192:13: note: initialize the variable 'lTrace' to silence this warning
x:\OneDrive\softwerk4R\Repos\CP-ITS\tspan.c:1273:7: warning: variable 'lTrace' may be uninitialized when used here [-Wuninitialized]
x:\OneDrive\softwerk4R\Repos\CP-ITS\tspan.c:192:13: note: initialize the variable 'lTrace' to silence this warning
x:\OneDrive\softwerk4R\Repos\CP-ITS\tspan.c:1324:7: warning: variable 'lTrace' may be uninitialized when used here [-Wuninitialized]
x:\OneDrive\softwerk4R\Repos\CP-ITS\tspan.c:192:13: note: initialize the variable 'lTrace' to silence this warning
x:\OneDrive\softwerk4R\Repos\CP-ITS\tspan.c:1358:7: warning: variable 'lTrace' may be uninitialized when used here [-Wuninitialized]
x:\OneDrive\softwerk4R\Repos\CP-ITS\tspan.c:192:13: note: initialize the variable 'lTrace' to silence this warning
x:\OneDrive\softwerk4R\Repos\CP-ITS\tspan.c:1392:7: warning: variable 'lTrace' may be uninitialized when used here [-Wuninitialized]
x:\OneDrive\softwerk4R\Repos\CP-ITS\tspan.c:192:13: note: initialize the variable 'lTrace' to silence this warning
x:\OneDrive\softwerk4R\Repos\CP-ITS\tspan.c:1535:6: warning: variable 'lTrace' may be uninitialized when used here [-Wuninitialized]
x:\OneDrive\softwerk4R\Repos\CP-ITS\tspan.c:192:13: note: initialize the variable 'lTrace' to silence this warning
x:\OneDrive\softwerk4R\Repos\CP-ITS\tspan.c:1692:41: warning: variable 'execution' may be uninitialized when used here [-Wuninitialized]
x:\OneDrive\softwerk4R\Repos\CP-ITS\tspan.c:1595:23: note: initialize the variable 'execution' to silence this warning
x:\OneDrive\softwerk4R\Repos\CP-ITS\tspan.c:1770:6: warning: variable 'execution' may be uninitialized when used here [-Wuninitialized]
x:\OneDrive\softwerk4R\Repos\CP-ITS\tspan.c:1595:23: note: initialize the variable 'execution' to silence this warning
x:\OneDrive\softwerk4R\Repos\CP-ITS\tspan.c:1956:41: warning: variable 'execution' may be uninitialized when used here [-Wuninitialized]
x:\OneDrive\softwerk4R\Repos\CP-ITS\tspan.c:1867:23: note: initialize the variable 'execution' to silence this warning
x:\OneDrive\softwerk4R\Repos\CP-ITS\tspan.c:2034:6: warning: variable 'execution' may be uninitialized when used here [-Wuninitialized]
x:\OneDrive\softwerk4R\Repos\CP-ITS\tspan.c:1867:23: note: initialize the variable 'execution' to silence this warning
x:\OneDrive\softwerk4R\Repos\CP-ITS\tspan.c:3023:20: warning: variable 'cSerial' may be uninitialized when used here [-Wuninitialized]
x:\OneDrive\softwerk4R\Repos\CP-ITS\tspan.c:2911:15: note: initialize the variable 'cSerial' to silence this warning
x:\OneDrive\softwerk4R\Repos\CP-ITS\tspan.c:3050:20: warning: variable 'cSerial' may be uninitialized when used here [-Wuninitialized]
x:\OneDrive\softwerk4R\Repos\CP-ITS\tspan.c:2911:15: note: initialize the variable 'cSerial' to silence this warning
x:\OneDrive\softwerk4R\Repos\CP-ITS\tspan.c:3640:12: warning: variable 'lCompType' is used uninitialized whenever 'if' condition is false [-Wuninitialized]
x:\OneDrive\softwerk4R\Repos\CP-ITS\tspan.c:3650:8: note: uninitialized use occurs here
x:\OneDrive\softwerk4R\Repos\CP-ITS\tspan.c:3640:8: note: remove the 'if' if its condition is always true
x:\OneDrive\softwerk4R\Repos\CP-ITS\tspan.c:3553:16: note: initialize the variable 'lCompType' to silence this warning
x:\OneDrive\softwerk4R\Repos\CP-ITS\tspan.c:3725:8: warning: variable 'lCompType' may be uninitialized when used here [-Wuninitialized]
x:\OneDrive\softwerk4R\Repos\CP-ITS\tspan.c:3553:16: note: initialize the variable 'lCompType' to silence this warning
x:\OneDrive\softwerk4R\Repos\CP-ITS\tspan.c:3859:12: warning: variable 'lCompType' may be uninitialized when used here [-Wuninitialized]
x:\OneDrive\softwerk4R\Repos\CP-ITS\tspan.c:3553:16: note: initialize the variable 'lCompType' to silence this warning
x:\OneDrive\softwerk4R\Repos\CP-ITS\tspan.c:3828:10: warning: variable 'dCP' may be uninitialized when used here [-Wuninitialized]
x:\OneDrive\softwerk4R\Repos\CP-ITS\tspan.c:3558:12: note: initialize the variable 'dCP' to silence this warning
x:\OneDrive\softwerk4R\Repos\CP-ITS\tspan.c:3840:10: warning: variable 'dCP' may be uninitialized when used here [-Wuninitialized]
x:\OneDrive\softwerk4R\Repos\CP-ITS\tspan.c:3558:12: note: initialize the variable 'dCP' to silence this warning
x:\OneDrive\softwerk4R\Repos\CP-ITS\tspan.c:3830:85: warning: variable 'dCPKUL' may be uninitialized when used here [-Wuninitialized]
x:\OneDrive\softwerk4R\Repos\CP-ITS\tspan.c:3558:20: note: initialize the variable 'dCPKUL' to silence this warning
x:\OneDrive\softwerk4R\Repos\CP-ITS\tspan.c:3834:85: warning: variable 'dCPKUL' may be uninitialized when used here [-Wuninitialized]
x:\OneDrive\softwerk4R\Repos\CP-ITS\tspan.c:3558:20: note: initialize the variable 'dCPKUL' to silence this warning
x:\OneDrive\softwerk4R\Repos\CP-ITS\tspan.c:3662:32: warning: variable 'cStepNameWithOutTabs' may be uninitialized when used here [-Wuninitialized]
x:\OneDrive\softwerk4R\Repos\CP-ITS\tspan.c:3551:2: note: variable 'cStepNameWithOutTabs' is declared here
x:\OneDrive\softwerk4R\Repos\CP-ITS\tspan.c:4073:69: warning: variable 'cTraceBuffer' may be uninitialized when used here [-Wuninitialized]
x:\OneDrive\softwerk4R\Repos\CP-ITS\tspan.c:3964:2: note: variable 'cTraceBuffer' is declared here
x:\OneDrive\softwerk4R\Repos\CP-ITS\tspan.c:4032:32: warning: variable 'cStepNameWithOutTabs' may be uninitialized when used here [-Wuninitialized]
x:\OneDrive\softwerk4R\Repos\CP-ITS\tspan.c:3965:2: note: variable 'cStepNameWithOutTabs' is declared here
x:\OneDrive\softwerk4R\Repos\CP-ITS\tspan.c:4307:69: warning: variable 'cTraceBuffer' may be uninitialized when used here [-Wuninitialized]
x:\OneDrive\softwerk4R\Repos\CP-ITS\tspan.c:4134:2: note: variable 'cTraceBuffer' is declared here
x:\OneDrive\softwerk4R\Repos\CP-ITS\tspan.c:4215:32: warning: variable 'cStepNameWithOutTabs' may be uninitialized when used here [-Wuninitialized]
x:\OneDrive\softwerk4R\Repos\CP-ITS\tspan.c:4135:2: note: variable 'cStepNameWithOutTabs' is declared here
x:\OneDrive\softwerk4R\Repos\CP-ITS\tspan.c:4480:92: warning: incompatible pointer types passing 'short **' to parameter of type 'short *'; remove & [-Wpointer-conv]
c:\Program Files (x86)\Rohde-Schwarz\GTSL\Include\ict.h:271:19: note: passing argument to parameter 'pErrorOccurred' here
x:\OneDrive\softwerk4R\Repos\CP-ITS\tspan.c:4480:109: warning: incompatible pointer types passing 'long **' to parameter of type 'long *'; remove & [-Wpointer-conv]
c:\Program Files (x86)\Rohde-Schwarz\GTSL\Include\ict.h:272:19: note: passing argument to parameter 'pErrorCode' here
x:\OneDrive\softwerk4R\Repos\CP-ITS\tspan.c:4482:92: warning: incompatible pointer types passing 'short **' to parameter of type 'short *'; remove & [-Wpointer-conv]
c:\Program Files (x86)\Rohde-Schwarz\GTSL\Include\ict.h:271:19: note: passing argument to parameter 'pErrorOccurred' here
x:\OneDrive\softwerk4R\Repos\CP-ITS\tspan.c:4482:109: warning: incompatible pointer types passing 'long **' to parameter of type 'long *'; remove & [-Wpointer-conv]
c:\Program Files (x86)\Rohde-Schwarz\GTSL\Include\ict.h:272:19: note: passing argument to parameter 'pErrorCode' here
x:\OneDrive\softwerk4R\Repos\CP-ITS\tspan.c:4491:211: warning: incompatible pointer types passing 'short **' to parameter of type 'short *'; remove & [-Wpointer-conv]
c:\Program Files (x86)\Rohde-Schwarz\GTSL\Include\ict.h:291:20: note: passing argument to parameter 'pErrorOccurred' here
x:\OneDrive\softwerk4R\Repos\CP-ITS\tspan.c:4491:228: warning: incompatible pointer types passing 'long **' to parameter of type 'long *'; remove & [-Wpointer-conv]
c:\Program Files (x86)\Rohde-Schwarz\GTSL\Include\ict.h:292:20: note: passing argument to parameter 'pErrorCode' here
x:\OneDrive\softwerk4R\Repos\CP-ITS\tspan.c:4544:68: warning: variable 'cErrorLogTraceBuffer' may be uninitialized when used here [-Wuninitialized]
x:\OneDrive\softwerk4R\Repos\CP-ITS\tspan.c:4400:5: note: variable 'cErrorLogTraceBuffer' is declared here
x:\OneDrive\softwerk4R\Repos\CP-ITS\tspan.c:4712:99: warning: incompatible pointer types passing 'short **' to parameter of type 'short *'; remove & [-Wpointer-conv]
c:\Program Files (x86)\Sw-ITS\Include\eazyscan.h:58:64: note: passing argument to parameter 'errorOccurred' here
x:\OneDrive\softwerk4R\Repos\CP-ITS\tspan.c:4712:116: warning: incompatible pointer types passing 'long **' to parameter of type 'long *'; remove & [-Wpointer-conv]
c:\Program Files (x86)\Sw-ITS\Include\eazyscan.h:58:85: note: passing argument to parameter 'errorCode' here
x:\OneDrive\softwerk4R\Repos\CP-ITS\tspan.c:4714:99: warning: incompatible pointer types passing 'short **' to parameter of type 'short *'; remove & [-Wpointer-conv]
c:\Program Files (x86)\Sw-ITS\Include\eazyscan.h:58:64: note: passing argument to parameter 'errorOccurred' here
x:\OneDrive\softwerk4R\Repos\CP-ITS\tspan.c:4714:116: warning: incompatible pointer types passing 'long **' to parameter of type 'long *'; remove & [-Wpointer-conv]
c:\Program Files (x86)\Sw-ITS\Include\eazyscan.h:58:85: note: passing argument to parameter 'errorCode' here
x:\OneDrive\softwerk4R\Repos\CP-ITS\tspan.c:4723:188: warning: incompatible pointer types passing 'short **' to parameter of type 'short *'; remove & [-Wpointer-conv]
c:\Program Files (x86)\Sw-ITS\Include\eazyscan.h:66:64: note: passing argument to parameter 'errorOccurred' here
x:\OneDrive\softwerk4R\Repos\CP-ITS\tspan.c:4723:205: warning: incompatible pointer types passing 'long **' to parameter of type 'long *'; remove & [-Wpointer-conv]
c:\Program Files (x86)\Sw-ITS\Include\eazyscan.h:67:45: note: passing argument to parameter 'errorCode' here
x:\OneDrive\softwerk4R\Repos\CP-ITS\tspan.c:4764:68: warning: variable 'cErrorLogTraceBuffer' may be uninitialized when used here [-Wuninitialized]
x:\OneDrive\softwerk4R\Repos\CP-ITS\tspan.c:4632:5: note: variable 'cErrorLogTraceBuffer' is declared here
x:\OneDrive\softwerk4R\Repos\CP-ITS\tspan.c:5760:7: warning: variable 'iCharsWritten' may be uninitialized when used here [-Wuninitialized]
x:\OneDrive\softwerk4R\Repos\CP-ITS\tspan.c:5470:19: note: initialize the variable 'iCharsWritten' to silence this warning
x:\OneDrive\softwerk4R\Repos\CP-ITS\tspan.c:5669:20: warning: variable 'cCountFileName' may be uninitialized when used here [-Wuninitialized]
x:\OneDrive\softwerk4R\Repos\CP-ITS\tspan.c:5473:2: note: variable 'cCountFileName' is declared here
